[debug] > Exec(early(addDefaultCommands), None, None)
[debug] > Exec(addDefaultCommands, None, None)
[debug] > Exec(early(initialize), None, None)
[debug] > Exec(initialize, None, None)
[debug] > Exec(early(addPluginSbtFile="""C:\Users\WONGZH~1\AppData\Local\Temp\idea.sbt"""), None, None)
[debug] > Exec(addPluginSbtFile="""C:\Users\WONGZH~1\AppData\Local\Temp\idea.sbt""", None, None)
[debug] > Exec(boot, None, None)
[debug] > Exec(writeSbtVersion, None, None)
[debug] > Exec(reload, None, None)
[debug] > Exec(sbtStashOnFailure, None, None)
[debug] > Exec(onFailure loadFailed, None, None)
[debug] > Exec(loadp, None, None)
[info] welcome to sbt 1.9.7 (Oracle Corporation Java 20.0.1)
[debug] Load.defaultLoad until apply took 110.7616ms
[debug]           Load.loadUnit: plugins took 72.5635ms
[debug]           Load.loadUnit: defsScala took 0.1844ms
[debug] [Loading] Scanning directory C:\Users\wong zhao xuan\IdeaProjects\finalprojectv2-wzhaoxuan\project
[debug]             Load.loadUnit: mkEval took 2.8511ms
[debug] [Loading] Found non-root projects 
[debug] [Loading] Done in C:\Users\wong zhao xuan\IdeaProjects\finalprojectv2-wzhaoxuan\project, returning: ()
[debug] deducing auto plugins based on known facts Set(Atom(sbt.plugins.CorePlugin)) and clauses Clauses(Clause(Atom(sbt.plugins.JvmPlugin),Set(Atom(sbt.plugins.IvyPlugin)))
[debug] Clause(Atom(sbt.ScriptedPlugin),Set(Atom(sbt.plugins.JvmPlugin)))
[debug] Clause(Atom(sbt.plugins.SbtPlugin),Set(Atom(sbt.ScriptedPlugin)))
[debug] Clause(Atom(sbt.plugins.SemanticdbPlugin),Set(Atom(sbt.plugins.JvmPlugin)))
[debug] Clause(Atom(sbt.plugins.JUnitXmlReportPlugin),Set(Atom(sbt.plugins.JvmPlugin)))
[debug] Clause(Atom(sbt.plugins.MiniDependencyTreePlugin),Set(Atom(sbt.plugins.JvmPlugin)))
[debug] Clause(Atom(sbt.plugins.CorePlugin),Set(Atom(sbt.plugins.IvyPlugin)))
[debug] Clause(Atom(sbt.plugins.IvyPlugin),Set(Atom(sbt.plugins.JvmPlugin)))
[debug] Clause(Atom(sbt.plugins.JvmPlugin),Set(Atom(sbt.plugins.SemanticdbPlugin)))
[debug] Clause(Atom(sbt.plugins.JvmPlugin),Set(Atom(sbt.plugins.JUnitXmlReportPlugin)))
[debug] Clause(Atom(sbt.plugins.CorePlugin),Set(Atom(sbt.plugins.Giter8TemplatePlugin)))
[debug] Clause(Atom(sbt.plugins.JvmPlugin),Set(Atom(sbt.plugins.MiniDependencyTreePlugin))))
[debug]   :: deduced result: Matched(sbt.plugins.CorePlugin,sbt.plugins.Giter8TemplatePlugin,sbt.plugins.IvyPlugin,sbt.plugins.JvmPlugin,sbt.plugins.MiniDependencyTreePlugin,sbt.plugins.JUnitXmlReportPlugin,sbt.plugins.SemanticdbPlugin)
[debug] Plugins.deducer#function took 8.3997 ms
[info] loading settings for project finalprojectv2-wzhaoxuan-build from idea.sbt ...
[debug]               Load.resolveProject(finalprojectv2-wzhaoxuan-build) took 25.4466ms
[debug]             Load.loadTransitive: finalizeProject(Project(id finalprojectv2-wzhaoxuan-build, base: C:\Users\wong zhao xuan\IdeaProjects\finalprojectv2-wzhaoxuan\project, plugins: List(<none>))) took 43.6306ms
[debug] [Loading] Done in C:\Users\wong zhao xuan\IdeaProjects\finalprojectv2-wzhaoxuan\project, returning: (finalprojectv2-wzhaoxuan-build)
[debug]           Load.loadUnit: loadedProjectsRaw took 229.9822ms
[debug]           Load.loadUnit: cleanEvalClasses took 4.1875ms
[debug]         Load.loadUnit(file:/C:/Users/wong%20zhao%20xuan/IdeaProjects/finalprojectv2-wzhaoxuan/project/, ...) took 310.3608ms
[debug]       Load.apply: load took 380.5282ms
[debug]       Load.apply: resolveProjects took 2.9186ms
[debug]       Load.apply: finalTransforms took 33.3191ms
[debug]       Load.apply: config.delegates took 5.0701ms
[debug]       Load.apply: Def.make(settings)... took 289.7155ms
[debug]       Load.apply: structureIndex took 72.9418ms
[debug]       Load.apply: mkStreams took 2.6459ms
[info] loading project definition from C:\Users\wong zhao xuan\IdeaProjects\finalprojectv2-wzhaoxuan\project
[debug] Running task... Cancel: Signal, check cycles: false, forcegc: true
[debug]     Load.loadUnit: plugins took 1862.9611ms
[debug]     Load.loadUnit: defsScala took 0.0023ms
[debug] [Loading] Scanning directory C:\Users\wong zhao xuan\IdeaProjects\finalprojectv2-wzhaoxuan
[debug]       Load.loadUnit: mkEval took 0.152ms
[debug] [Loading] Found root project root w/ remaining 
[debug] deducing auto plugins based on known facts Set(Atom(sbt.plugins.CorePlugin)) and clauses Clauses(Clause(Atom(sbt.plugins.JvmPlugin),Set(Atom(sbt.plugins.IvyPlugin)))
[debug] Clause(Atom(sbt.ScriptedPlugin),Set(Atom(sbt.plugins.JvmPlugin)))
[debug] Clause(Atom(sbt.plugins.SbtPlugin),Set(Atom(sbt.ScriptedPlugin)))
[debug] Clause(Atom(sbt.plugins.SemanticdbPlugin),Set(Atom(sbt.plugins.JvmPlugin)))
[debug] Clause(Atom(sbt.plugins.JUnitXmlReportPlugin),Set(Atom(sbt.plugins.JvmPlugin)))
[debug] Clause(Atom(sbt.plugins.MiniDependencyTreePlugin),Set(Atom(sbt.plugins.JvmPlugin)))
[debug] Clause(Atom(org.jetbrains.sbt.StructurePlugin),Set(Atom(sbt.plugins.JvmPlugin)))
[debug] Clause(Atom(org.jetbrains.sbt.IdeaShellPlugin),Set(Atom(sbt.plugins.JvmPlugin)))
[debug] Clause(Atom(org.jetbrains.sbt.indices.SbtIntellijIndicesPlugin),Set(Atom(sbt.plugins.JvmPlugin)))
[debug] Clause(Atom(sbt.plugins.CorePlugin),Set(Atom(sbt.plugins.IvyPlugin)))
[debug] Clause(Atom(sbt.plugins.IvyPlugin),Set(Atom(sbt.plugins.JvmPlugin)))
[debug] Clause(Atom(sbt.plugins.JvmPlugin),Set(Atom(sbt.plugins.SemanticdbPlugin)))
[debug] Clause(Atom(sbt.plugins.JvmPlugin),Set(Atom(sbt.plugins.JUnitXmlReportPlugin)))
[debug] Clause(Atom(sbt.plugins.CorePlugin),Set(Atom(sbt.plugins.Giter8TemplatePlugin)))
[debug] Clause(Atom(sbt.plugins.JvmPlugin),Set(Atom(sbt.plugins.MiniDependencyTreePlugin)))
[debug] Clause(Atom(sbt.plugins.JvmPlugin),Set(Atom(org.jetbrains.sbt.StructurePlugin)))
[debug] Clause(Atom(sbt.plugins.JvmPlugin),Set(Atom(org.jetbrains.sbt.IdeaShellPlugin)))
[debug] Clause(And(Set(Atom(sbt.plugins.CorePlugin), Atom(sbt.plugins.JvmPlugin))),Set(Atom(org.jetbrains.sbt.indices.SbtIntellijIndicesPlugin))))
[debug]   :: deduced result: Matched(sbt.plugins.CorePlugin,sbt.plugins.Giter8TemplatePlugin,sbt.plugins.IvyPlugin,sbt.plugins.JvmPlugin,sbt.plugins.SemanticdbPlugin,org.jetbrains.sbt.indices.SbtIntellijIndicesPlugin,sbt.plugins.JUnitXmlReportPlugin,org.jetbrains.sbt.IdeaShellPlugin,org.jetbrains.sbt.StructurePlugin,sbt.plugins.MiniDependencyTreePlugin)
[debug] Plugins.deducer#function took 2.0183 ms
[info] loading settings for project root from build.sbt ...
[debug]         Load.resolveProject(root) took 18.2898ms
[debug]       Load.loadTransitive: finalizeProject(Project(id root, base: C:\Users\wong zhao xuan\IdeaProjects\finalprojectv2-wzhaoxuan, plugins: List(<none>))) took 21.4643ms
[debug] [Loading] Done in C:\Users\wong zhao xuan\IdeaProjects\finalprojectv2-wzhaoxuan, returning: (root)
[debug]     Load.loadUnit: loadedProjectsRaw took 1564.848ms
[debug]     Load.loadUnit: cleanEvalClasses took 9.1854ms
[debug]   Load.loadUnit(file:/C:/Users/wong%20zhao%20xuan/IdeaProjects/finalprojectv2-wzhaoxuan/, ...) took 3439.6025ms
[debug] Load.apply: load took 3460.9506ms
[debug] Load.apply: resolveProjects took 0.1489ms
[debug] Load.apply: finalTransforms took 21.5784ms
[debug] Load.apply: config.delegates took 0.2757ms
[debug] Load.apply: Def.make(settings)... took 70.4223ms
[debug] Load.apply: structureIndex took 19.632ms
[debug] Load.apply: mkStreams took 0.0023ms
[info] set current project to scalaFXIntro (in build file:/C:/Users/wong%20zhao%20xuan/IdeaProjects/finalprojectv2-wzhaoxuan/)
[debug] > Exec(sbtPopOnFailure, None, None)
[debug] > Exec(resumeFromFailure, None, None)
[debug] > Exec(notifyUsersAboutShell, None, None)
[debug] > Exec(iflast shell, None, None)
[debug] > Exec(; set ideaPort in Global := 58678 ; idea-shell, None, None)
[debug] > Exec(set ideaPort in Global := 58678, None, None)
[info] Defining Global / ideaPort
[info] The new value will be used by Compile / compile, Test / compile
[debug] Defining 
[debug] 	Global / ideaPort
[debug] 
[debug] The new value will be used by 
[debug] 	Compile / compile
[debug] 	Test / compile
[info] Reapplying settings...
[info] set current project to scalaFXIntro (in build file:/C:/Users/wong%20zhao%20xuan/IdeaProjects/finalprojectv2-wzhaoxuan/)
[debug] > Exec(idea-shell, None, None)
