[debug] > Exec(early(addDefaultCommands), None, None)
[debug] > Exec(addDefaultCommands, None, None)
[debug] > Exec(early(initialize), None, None)
[debug] > Exec(initialize, None, None)
[debug] > Exec(early(addPluginSbtFile="""C:\Users\WONGZH~1\AppData\Local\Temp\idea.sbt"""), None, None)
[debug] > Exec(addPluginSbtFile="""C:\Users\WONGZH~1\AppData\Local\Temp\idea.sbt""", None, None)
[debug] > Exec(boot, None, None)
[debug] > Exec(writeSbtVersion, None, None)
[debug] > Exec(reload, None, None)
[debug] > Exec(sbtStashOnFailure, None, None)
[debug] > Exec(onFailure loadFailed, None, None)
[debug] > Exec(loadp, None, None)
[info] welcome to sbt 1.9.7 (Oracle Corporation Java 20.0.1)
[debug] Load.defaultLoad until apply took 334.3692ms
[debug]           Load.loadUnit: plugins took 78.2781ms
[debug]           Load.loadUnit: defsScala took 0.368ms
[debug] [Loading] Scanning directory C:\Users\wong zhao xuan\IdeaProjects\finalprojectv2-wzhaoxuan\project
[debug]             Load.loadUnit: mkEval took 4.2372ms
[debug] [Loading] Found non-root projects 
[debug] [Loading] Done in C:\Users\wong zhao xuan\IdeaProjects\finalprojectv2-wzhaoxuan\project, returning: ()
[debug] deducing auto plugins based on known facts Set(Atom(sbt.plugins.CorePlugin)) and clauses Clauses(Clause(Atom(sbt.plugins.JvmPlugin),Set(Atom(sbt.plugins.IvyPlugin)))
[debug] Clause(Atom(sbt.ScriptedPlugin),Set(Atom(sbt.plugins.JvmPlugin)))
[debug] Clause(Atom(sbt.plugins.SbtPlugin),Set(Atom(sbt.ScriptedPlugin)))
[debug] Clause(Atom(sbt.plugins.SemanticdbPlugin),Set(Atom(sbt.plugins.JvmPlugin)))
[debug] Clause(Atom(sbt.plugins.JUnitXmlReportPlugin),Set(Atom(sbt.plugins.JvmPlugin)))
[debug] Clause(Atom(sbt.plugins.MiniDependencyTreePlugin),Set(Atom(sbt.plugins.JvmPlugin)))
[debug] Clause(Atom(sbt.plugins.CorePlugin),Set(Atom(sbt.plugins.IvyPlugin)))
[debug] Clause(Atom(sbt.plugins.IvyPlugin),Set(Atom(sbt.plugins.JvmPlugin)))
[debug] Clause(Atom(sbt.plugins.JvmPlugin),Set(Atom(sbt.plugins.SemanticdbPlugin)))
[debug] Clause(Atom(sbt.plugins.JvmPlugin),Set(Atom(sbt.plugins.JUnitXmlReportPlugin)))
[debug] Clause(Atom(sbt.plugins.CorePlugin),Set(Atom(sbt.plugins.Giter8TemplatePlugin)))
[debug] Clause(Atom(sbt.plugins.JvmPlugin),Set(Atom(sbt.plugins.MiniDependencyTreePlugin))))
[debug]   :: deduced result: Matched(sbt.plugins.CorePlugin,sbt.plugins.Giter8TemplatePlugin,sbt.plugins.IvyPlugin,sbt.plugins.JvmPlugin,sbt.plugins.MiniDependencyTreePlugin,sbt.plugins.JUnitXmlReportPlugin,sbt.plugins.SemanticdbPlugin)
[debug] Plugins.deducer#function took 15.0024 ms
[info] loading settings for project finalprojectv2-wzhaoxuan-build from idea.sbt ...
[debug]               Load.resolveProject(finalprojectv2-wzhaoxuan-build) took 33.5876ms
[debug]             Load.loadTransitive: finalizeProject(Project(id finalprojectv2-wzhaoxuan-build, base: C:\Users\wong zhao xuan\IdeaProjects\finalprojectv2-wzhaoxuan\project, plugins: List(<none>))) took 60.9611ms
[debug] [Loading] Done in C:\Users\wong zhao xuan\IdeaProjects\finalprojectv2-wzhaoxuan\project, returning: (finalprojectv2-wzhaoxuan-build)
[debug]           Load.loadUnit: loadedProjectsRaw took 375.884ms
[debug]           Load.loadUnit: cleanEvalClasses took 4.6922ms
[debug]         Load.loadUnit(file:/C:/Users/wong%20zhao%20xuan/IdeaProjects/finalprojectv2-wzhaoxuan/project/, ...) took 464.0344ms
[debug]       Load.apply: load took 604.266ms
[debug]       Load.apply: resolveProjects took 3.1004ms
[debug]       Load.apply: finalTransforms took 78.7035ms
[debug]       Load.apply: config.delegates took 9.0517ms
[debug]       Load.apply: Def.make(settings)... took 582.8766ms
[debug]       Load.apply: structureIndex took 137.6512ms
[debug]       Load.apply: mkStreams took 3.7693ms
[info] loading project definition from C:\Users\wong zhao xuan\IdeaProjects\finalprojectv2-wzhaoxuan\project
[debug] Running task... Cancel: Signal, check cycles: false, forcegc: true
[debug]     Load.loadUnit: plugins took 2443.7157ms
[debug]     Load.loadUnit: defsScala took 0.0035ms
[debug] [Loading] Scanning directory C:\Users\wong zhao xuan\IdeaProjects\finalprojectv2-wzhaoxuan
[debug]       Load.loadUnit: mkEval took 0.2292ms
[debug] [Loading] Found root project root w/ remaining 
[debug] deducing auto plugins based on known facts Set(Atom(sbt.plugins.CorePlugin)) and clauses Clauses(Clause(Atom(sbt.plugins.JvmPlugin),Set(Atom(sbt.plugins.IvyPlugin)))
[debug] Clause(Atom(sbt.ScriptedPlugin),Set(Atom(sbt.plugins.JvmPlugin)))
[debug] Clause(Atom(sbt.plugins.SbtPlugin),Set(Atom(sbt.ScriptedPlugin)))
[debug] Clause(Atom(sbt.plugins.SemanticdbPlugin),Set(Atom(sbt.plugins.JvmPlugin)))
[debug] Clause(Atom(sbt.plugins.JUnitXmlReportPlugin),Set(Atom(sbt.plugins.JvmPlugin)))
[debug] Clause(Atom(sbt.plugins.MiniDependencyTreePlugin),Set(Atom(sbt.plugins.JvmPlugin)))
[debug] Clause(Atom(org.jetbrains.sbt.StructurePlugin),Set(Atom(sbt.plugins.JvmPlugin)))
[debug] Clause(Atom(org.jetbrains.sbt.IdeaShellPlugin),Set(Atom(sbt.plugins.JvmPlugin)))
[debug] Clause(Atom(org.jetbrains.sbt.indices.SbtIntellijIndicesPlugin),Set(Atom(sbt.plugins.JvmPlugin)))
[debug] Clause(Atom(sbt.plugins.CorePlugin),Set(Atom(sbt.plugins.IvyPlugin)))
[debug] Clause(Atom(sbt.plugins.IvyPlugin),Set(Atom(sbt.plugins.JvmPlugin)))
[debug] Clause(Atom(sbt.plugins.JvmPlugin),Set(Atom(sbt.plugins.SemanticdbPlugin)))
[debug] Clause(Atom(sbt.plugins.JvmPlugin),Set(Atom(sbt.plugins.JUnitXmlReportPlugin)))
[debug] Clause(Atom(sbt.plugins.CorePlugin),Set(Atom(sbt.plugins.Giter8TemplatePlugin)))
[debug] Clause(Atom(sbt.plugins.JvmPlugin),Set(Atom(sbt.plugins.MiniDependencyTreePlugin)))
[debug] Clause(Atom(sbt.plugins.JvmPlugin),Set(Atom(org.jetbrains.sbt.StructurePlugin)))
[debug] Clause(Atom(sbt.plugins.JvmPlugin),Set(Atom(org.jetbrains.sbt.IdeaShellPlugin)))
[debug] Clause(And(Set(Atom(sbt.plugins.CorePlugin), Atom(sbt.plugins.JvmPlugin))),Set(Atom(org.jetbrains.sbt.indices.SbtIntellijIndicesPlugin))))
[debug]   :: deduced result: Matched(sbt.plugins.CorePlugin,sbt.plugins.Giter8TemplatePlugin,sbt.plugins.IvyPlugin,sbt.plugins.JvmPlugin,sbt.plugins.SemanticdbPlugin,org.jetbrains.sbt.indices.SbtIntellijIndicesPlugin,sbt.plugins.JUnitXmlReportPlugin,org.jetbrains.sbt.IdeaShellPlugin,org.jetbrains.sbt.StructurePlugin,sbt.plugins.MiniDependencyTreePlugin)
[debug] Plugins.deducer#function took 3.0069 ms
[info] loading settings for project root from build.sbt ...
[debug]         Load.resolveProject(root) took 51.604ms
[debug]       Load.loadTransitive: finalizeProject(Project(id root, base: C:\Users\wong zhao xuan\IdeaProjects\finalprojectv2-wzhaoxuan, plugins: List(<none>))) took 56.0387ms
[debug] [Loading] Done in C:\Users\wong zhao xuan\IdeaProjects\finalprojectv2-wzhaoxuan, returning: (root)
[debug]     Load.loadUnit: loadedProjectsRaw took 110.9808ms
[debug]     Load.loadUnit: cleanEvalClasses took 8.3476ms
[debug]   Load.loadUnit(file:/C:/Users/wong%20zhao%20xuan/IdeaProjects/finalprojectv2-wzhaoxuan/, ...) took 2564.9493ms
[debug] Load.apply: load took 2595.6764ms
[debug] Load.apply: resolveProjects took 0.2532ms
[debug] Load.apply: finalTransforms took 38.2606ms
[debug] Load.apply: config.delegates took 0.3898ms
[debug] Load.apply: Def.make(settings)... took 117.7602ms
[debug] Load.apply: structureIndex took 40.9255ms
[debug] Load.apply: mkStreams took 0.0035ms
[info] set current project to scalaFXIntro (in build file:/C:/Users/wong%20zhao%20xuan/IdeaProjects/finalprojectv2-wzhaoxuan/)
[debug] > Exec(sbtPopOnFailure, None, None)
[debug] > Exec(resumeFromFailure, None, None)
[debug] > Exec(notifyUsersAboutShell, None, None)
[debug] > Exec(iflast shell, None, None)
[debug] > Exec(; set ideaPort in Global := 52409 ; idea-shell, None, None)
[debug] > Exec(set ideaPort in Global := 52409, None, None)
[info] Defining Global / ideaPort
[info] The new value will be used by Compile / compile, Test / compile
[debug] Defining 
[debug] 	Global / ideaPort
[debug] 
[debug] The new value will be used by 
[debug] 	Compile / compile
[debug] 	Test / compile
[info] Reapplying settings...
[info] set current project to scalaFXIntro (in build file:/C:/Users/wong%20zhao%20xuan/IdeaProjects/finalprojectv2-wzhaoxuan/)
[debug] > Exec(idea-shell, None, None)
